2025-12-29 21:59:19,009 | INFO  | REPO_ROOT=E:\Khai_thac_du_lieu\car_price_pipeline
2025-12-29 21:59:19,009 | INFO  | CONFIG_DIR=E:\Khai_thac_du_lieu\car_price_pipeline\configs
2025-12-29 21:59:19,010 | INFO  | RAW_DIR=E:\Khai_thac_du_lieu\car_price_pipeline\data\raw
2025-12-29 21:59:19,010 | INFO  | META_DIR=E:\Khai_thac_du_lieu\car_price_pipeline\data\meta
2025-12-29 21:59:19,010 | INFO  | LOG_FILE=E:\Khai_thac_du_lieu\car_price_pipeline\logs\chotot_spider_20251229.log
2025-12-29 21:59:19,022 | INFO  | Loaded seen_ids=4500 from E:\Khai_thac_du_lieu\car_price_pipeline\data\meta\chotot_seen_ids.txt
2025-12-29 21:59:20,513 | INFO  | Loaded regions_v2(provinces) size=48 from https://gateway.chotot.com/v1/public/web-proxy-api/loadRegionsV2
2025-12-29 21:59:20,525 | INFO  | Mode=ALL_REGIONS total_regions=48 crawling_now=30 cursor_before=29 cursor_after=11
2025-12-29 21:59:20,525 | INFO  | Selected regions: 5035:Trà Vinh (Vĩnh Long mới), 5036:Vĩnh Long, 6038:Quảng Bình (Quảng Trị mới), 6039:Quảng Trị, 6040:Thừa Thiên Huế (TP Huế mới), 7042:Bình Thuận (Lâm Đồng mới), 7043:Bình Định (Gia Lai mới), 7044:Khánh Hòa, 7045:Ninh Thuận (Khánh Hòa mới), 7046:Phú Yên (Đắk Lắk mới), 7047:Quảng Ngãi, 8049:Hà Tĩnh, 8050:Nghệ An, 8051:Thanh Hóa, 9053:Đắk Lắk, 9054:Đắk Nông (Lâm Đồng mới), 9055:Kon Tum (Quảng Ngãi mới), 9056:Gia Lai, 9057:Lâm Đồng, 1001:Bắc Ninh, 1002:Phú Thọ, 1003:Hà Nam (Ninh Bình mới), 1004:Hải Dương (TP Hải Phòng mới), 1005:Hòa Bình (Phú Thọ mới), 1006:Hưng Yên, 1007:Ninh Bình, 1008:Vĩnh Phúc (Phú Thọ mới), 2010:Bà Rịa - Vũng Tàu (TP Hồ Chí Minh mới), 2011:Bình Dương (TP Hồ Chí Minh mới), 2012:Bình Phước (Đồng Nai mới)
2025-12-29 21:59:20,525 | INFO  | Crawling region=5035 pages=2 limit=50 delay=1.20s
2025-12-29 21:59:20,945 | INFO  | Fetched region=5035 page=1 offset=0 ads=22
2025-12-29 21:59:20,948 | INFO  | Rows written in this page: 1
2025-12-29 21:59:22,311 | INFO  | Fetched region=5035 page=2 offset=50 ads=0
2025-12-29 21:59:22,312 | INFO  | No rows written in this page.
2025-12-29 21:59:23,514 | INFO  | Crawling region=5036 pages=2 limit=50 delay=1.20s
2025-12-29 21:59:23,846 | INFO  | Fetched region=5036 page=1 offset=0 ads=33
2025-12-29 21:59:23,848 | INFO  | Rows written in this page: 4
2025-12-29 21:59:25,190 | INFO  | Fetched region=5036 page=2 offset=50 ads=0
2025-12-29 21:59:25,191 | INFO  | No rows written in this page.
2025-12-29 21:59:26,393 | INFO  | Crawling region=6038 pages=2 limit=50 delay=1.20s
2025-12-29 21:59:26,674 | INFO  | Fetched region=6038 page=1 offset=0 ads=17
2025-12-29 21:59:26,676 | INFO  | Rows written in this page: 1
2025-12-29 21:59:28,030 | INFO  | Fetched region=6038 page=2 offset=50 ads=0
2025-12-29 21:59:28,031 | INFO  | No rows written in this page.
2025-12-29 21:59:29,233 | INFO  | Crawling region=6039 pages=2 limit=50 delay=1.20s
2025-12-29 21:59:29,446 | INFO  | Fetched region=6039 page=1 offset=0 ads=13
2025-12-29 21:59:29,449 | INFO  | Rows written in this page: 2
2025-12-29 21:59:30,792 | INFO  | Fetched region=6039 page=2 offset=50 ads=0
2025-12-29 21:59:30,792 | INFO  | No rows written in this page.
2025-12-29 21:59:31,993 | INFO  | Crawling region=6040 pages=2 limit=50 delay=1.20s
2025-12-29 21:59:32,597 | INFO  | Fetched region=6040 page=1 offset=0 ads=50
2025-12-29 21:59:32,604 | INFO  | Rows written in this page: 3
2025-12-29 21:59:34,296 | INFO  | Fetched region=6040 page=2 offset=50 ads=22
2025-12-29 21:59:34,298 | INFO  | No rows written in this page.
2025-12-29 21:59:35,499 | INFO  | Crawling region=7042 pages=2 limit=50 delay=1.20s
2025-12-29 21:59:35,958 | INFO  | Fetched region=7042 page=1 offset=0 ads=49
2025-12-29 21:59:35,962 | INFO  | Rows written in this page: 3
2025-12-29 21:59:37,317 | INFO  | Fetched region=7042 page=2 offset=50 ads=0
2025-12-29 21:59:37,318 | INFO  | No rows written in this page.
2025-12-29 21:59:38,520 | INFO  | Crawling region=7043 pages=2 limit=50 delay=1.20s
2025-12-29 21:59:39,055 | INFO  | Fetched region=7043 page=1 offset=0 ads=48
2025-12-29 21:59:39,061 | INFO  | Rows written in this page: 2
2025-12-29 21:59:40,409 | INFO  | Fetched region=7043 page=2 offset=50 ads=0
2025-12-29 21:59:40,409 | INFO  | No rows written in this page.
2025-12-29 21:59:41,611 | INFO  | Crawling region=7044 pages=2 limit=50 delay=1.20s
2025-12-29 21:59:42,102 | INFO  | Fetched region=7044 page=1 offset=0 ads=50
2025-12-29 21:59:42,107 | INFO  | Rows written in this page: 1
2025-12-29 21:59:43,612 | INFO  | Fetched region=7044 page=2 offset=50 ads=16
2025-12-29 21:59:43,614 | INFO  | No rows written in this page.
2025-12-29 21:59:44,817 | INFO  | Crawling region=7045 pages=2 limit=50 delay=1.20s
2025-12-29 21:59:45,055 | INFO  | Fetched region=7045 page=1 offset=0 ads=9
2025-12-29 21:59:45,057 | INFO  | No rows written in this page.
2025-12-29 21:59:46,407 | INFO  | Fetched region=7045 page=2 offset=50 ads=0
2025-12-29 21:59:46,408 | INFO  | No rows written in this page.
2025-12-29 21:59:47,610 | INFO  | Crawling region=7046 pages=2 limit=50 delay=1.20s
2025-12-29 21:59:48,262 | INFO  | Fetched region=7046 page=1 offset=0 ads=29
2025-12-29 21:59:48,265 | INFO  | No rows written in this page.
2025-12-29 21:59:49,634 | INFO  | Fetched region=7046 page=2 offset=50 ads=0
2025-12-29 21:59:49,635 | INFO  | No rows written in this page.
2025-12-29 21:59:50,837 | INFO  | Crawling region=7047 pages=2 limit=50 delay=1.20s
2025-12-29 21:59:51,349 | INFO  | Fetched region=7047 page=1 offset=0 ads=43
2025-12-29 21:59:51,353 | INFO  | No rows written in this page.
2025-12-29 21:59:53,096 | INFO  | Fetched region=7047 page=2 offset=50 ads=0
2025-12-29 21:59:53,096 | INFO  | No rows written in this page.
2025-12-29 21:59:54,299 | INFO  | Crawling region=8049 pages=2 limit=50 delay=1.20s
2025-12-29 21:59:55,428 | INFO  | Fetched region=8049 page=1 offset=0 ads=50
2025-12-29 21:59:55,434 | INFO  | Rows written in this page: 4
2025-12-29 21:59:56,825 | INFO  | Fetched region=8049 page=2 offset=50 ads=3
2025-12-29 21:59:56,826 | INFO  | No rows written in this page.
2025-12-29 21:59:58,029 | INFO  | Crawling region=8050 pages=2 limit=50 delay=1.20s
2025-12-29 21:59:59,006 | INFO  | Fetched region=8050 page=1 offset=0 ads=50
2025-12-29 21:59:59,015 | INFO  | Rows written in this page: 10
2025-12-29 22:00:01,107 | INFO  | Fetched region=8050 page=2 offset=50 ads=50
2025-12-29 22:00:01,111 | INFO  | No rows written in this page.
2025-12-29 22:00:02,313 | INFO  | Crawling region=8051 pages=2 limit=50 delay=1.20s
2025-12-29 22:00:02,949 | INFO  | Fetched region=8051 page=1 offset=0 ads=50
2025-12-29 22:00:02,954 | INFO  | Rows written in this page: 2
2025-12-29 22:00:05,047 | INFO  | Fetched region=8051 page=2 offset=50 ads=50
2025-12-29 22:00:05,051 | INFO  | No rows written in this page.
2025-12-29 22:00:06,253 | INFO  | Crawling region=9053 pages=2 limit=50 delay=1.20s
2025-12-29 22:00:07,006 | INFO  | Fetched region=9053 page=1 offset=0 ads=50
2025-12-29 22:00:07,015 | INFO  | Rows written in this page: 26
2025-12-29 22:00:09,112 | INFO  | Fetched region=9053 page=2 offset=50 ads=50
2025-12-29 22:00:09,117 | INFO  | No rows written in this page.
2025-12-29 22:00:10,319 | INFO  | Crawling region=9054 pages=2 limit=50 delay=1.20s
2025-12-29 22:00:11,456 | INFO  | Fetched region=9054 page=1 offset=0 ads=41
2025-12-29 22:00:11,461 | INFO  | Rows written in this page: 3
2025-12-29 22:00:12,810 | INFO  | Fetched region=9054 page=2 offset=50 ads=0
2025-12-29 22:00:12,811 | INFO  | No rows written in this page.
2025-12-29 22:00:14,013 | INFO  | Crawling region=9055 pages=2 limit=50 delay=1.20s
2025-12-29 22:00:14,196 | INFO  | Fetched region=9055 page=1 offset=0 ads=5
2025-12-29 22:00:14,197 | INFO  | No rows written in this page.
2025-12-29 22:00:15,617 | INFO  | Fetched region=9055 page=2 offset=50 ads=0
2025-12-29 22:00:15,618 | INFO  | No rows written in this page.
2025-12-29 22:00:16,820 | INFO  | Crawling region=9056 pages=2 limit=50 delay=1.20s
2025-12-29 22:00:17,876 | INFO  | Fetched region=9056 page=1 offset=0 ads=50
2025-12-29 22:00:17,882 | INFO  | Rows written in this page: 7
2025-12-29 22:00:20,527 | INFO  | Fetched region=9056 page=2 offset=50 ads=50
2025-12-29 22:00:20,530 | INFO  | No rows written in this page.
2025-12-29 22:00:21,733 | INFO  | Crawling region=9057 pages=2 limit=50 delay=1.20s
2025-12-29 22:00:22,520 | INFO  | Fetched region=9057 page=1 offset=0 ads=50
2025-12-29 22:00:22,525 | INFO  | Rows written in this page: 9
2025-12-29 22:00:24,939 | INFO  | Fetched region=9057 page=2 offset=50 ads=50
2025-12-29 22:00:24,942 | INFO  | No rows written in this page.
2025-12-29 22:00:26,145 | INFO  | Crawling region=1001 pages=2 limit=50 delay=1.20s
2025-12-29 22:00:26,810 | INFO  | Fetched region=1001 page=1 offset=0 ads=49
2025-12-29 22:00:26,815 | INFO  | No rows written in this page.
2025-12-29 22:00:28,154 | INFO  | Fetched region=1001 page=2 offset=50 ads=0
2025-12-29 22:00:28,155 | INFO  | No rows written in this page.
2025-12-29 22:00:29,357 | INFO  | Crawling region=1002 pages=2 limit=50 delay=1.20s
2025-12-29 22:00:29,946 | INFO  | Fetched region=1002 page=1 offset=0 ads=24
2025-12-29 22:00:29,950 | INFO  | Rows written in this page: 2
2025-12-29 22:00:31,323 | INFO  | Fetched region=1002 page=2 offset=50 ads=0
2025-12-29 22:00:31,324 | INFO  | No rows written in this page.
2025-12-29 22:00:32,526 | INFO  | Crawling region=1003 pages=2 limit=50 delay=1.20s
2025-12-29 22:00:33,070 | INFO  | Fetched region=1003 page=1 offset=0 ads=17
2025-12-29 22:00:33,072 | INFO  | No rows written in this page.
2025-12-29 22:00:34,478 | INFO  | Fetched region=1003 page=2 offset=50 ads=0
2025-12-29 22:00:34,479 | INFO  | No rows written in this page.
2025-12-29 22:00:35,681 | INFO  | Crawling region=1004 pages=2 limit=50 delay=1.20s
2025-12-29 22:00:36,491 | INFO  | Fetched region=1004 page=1 offset=0 ads=50
2025-12-29 22:00:36,499 | INFO  | Rows written in this page: 3
2025-12-29 22:00:37,872 | INFO  | Fetched region=1004 page=2 offset=50 ads=2
2025-12-29 22:00:37,873 | INFO  | No rows written in this page.
2025-12-29 22:00:39,074 | INFO  | Crawling region=1005 pages=2 limit=50 delay=1.20s
2025-12-29 22:00:39,550 | INFO  | Fetched region=1005 page=1 offset=0 ads=13
2025-12-29 22:00:39,553 | INFO  | No rows written in this page.
2025-12-29 22:00:40,909 | INFO  | Fetched region=1005 page=2 offset=50 ads=0
2025-12-29 22:00:40,910 | INFO  | No rows written in this page.
2025-12-29 22:00:42,111 | INFO  | Crawling region=1006 pages=2 limit=50 delay=1.20s
2025-12-29 22:00:42,715 | INFO  | Fetched region=1006 page=1 offset=0 ads=35
2025-12-29 22:00:42,720 | INFO  | Rows written in this page: 5
2025-12-29 22:00:44,085 | INFO  | Fetched region=1006 page=2 offset=50 ads=0
2025-12-29 22:00:44,085 | INFO  | No rows written in this page.
2025-12-29 22:00:45,288 | INFO  | Crawling region=1007 pages=2 limit=50 delay=1.20s
2025-12-29 22:00:45,717 | INFO  | Fetched region=1007 page=1 offset=0 ads=35
2025-12-29 22:00:45,721 | INFO  | Rows written in this page: 6
2025-12-29 22:00:47,101 | INFO  | Fetched region=1007 page=2 offset=50 ads=0
2025-12-29 22:00:47,102 | INFO  | No rows written in this page.
2025-12-29 22:00:48,304 | INFO  | Crawling region=1008 pages=2 limit=50 delay=1.20s
2025-12-29 22:00:49,076 | INFO  | Fetched region=1008 page=1 offset=0 ads=42
2025-12-29 22:00:49,083 | INFO  | Rows written in this page: 2
2025-12-29 22:00:50,439 | INFO  | Fetched region=1008 page=2 offset=50 ads=0
2025-12-29 22:00:50,440 | INFO  | No rows written in this page.
2025-12-29 22:00:51,642 | INFO  | Crawling region=2010 pages=2 limit=50 delay=1.20s
2025-12-29 22:00:52,244 | INFO  | Fetched region=2010 page=1 offset=0 ads=50
2025-12-29 22:00:52,250 | INFO  | Rows written in this page: 9
2025-12-29 22:00:54,071 | INFO  | Fetched region=2010 page=2 offset=50 ads=50
2025-12-29 22:00:54,075 | INFO  | No rows written in this page.
2025-12-29 22:00:55,278 | INFO  | Crawling region=2011 pages=2 limit=50 delay=1.20s
2025-12-29 22:00:56,051 | INFO  | Fetched region=2011 page=1 offset=0 ads=50
2025-12-29 22:00:56,062 | INFO  | Rows written in this page: 19
2025-12-29 22:00:58,343 | INFO  | Fetched region=2011 page=2 offset=50 ads=50
2025-12-29 22:00:58,352 | INFO  | Rows written in this page: 31
2025-12-29 22:00:59,555 | INFO  | Crawling region=2012 pages=2 limit=50 delay=1.20s
2025-12-29 22:01:00,325 | INFO  | Fetched region=2012 page=1 offset=0 ads=50
2025-12-29 22:01:00,332 | INFO  | Rows written in this page: 1
2025-12-29 22:01:02,271 | INFO  | Fetched region=2012 page=2 offset=50 ads=47
2025-12-29 22:01:02,275 | INFO  | No rows written in this page.
2025-12-29 22:01:03,482 | INFO  | DONE raw_path=E:\Khai_thac_du_lieu\car_price_pipeline\data\raw\chotot_raw_20251229.csv total_new=156 total_seen=4656
2025-12-29 22:01:54,204 | INFO  | REPO_ROOT=E:\Khai_thac_du_lieu\car_price_pipeline
2025-12-29 22:01:54,204 | INFO  | CONFIG_DIR=E:\Khai_thac_du_lieu\car_price_pipeline\configs
2025-12-29 22:01:54,204 | INFO  | RAW_DIR=E:\Khai_thac_du_lieu\car_price_pipeline\data\raw
2025-12-29 22:01:54,204 | INFO  | META_DIR=E:\Khai_thac_du_lieu\car_price_pipeline\data\meta
2025-12-29 22:01:54,205 | INFO  | LOG_FILE=E:\Khai_thac_du_lieu\car_price_pipeline\logs\chotot_spider_20251229.log
2025-12-29 22:01:54,218 | INFO  | Loaded seen_ids=4656 from E:\Khai_thac_du_lieu\car_price_pipeline\data\meta\chotot_seen_ids.txt
2025-12-29 22:01:56,322 | INFO  | Loaded regions_v2(provinces) size=48 from https://gateway.chotot.com/v1/public/web-proxy-api/loadRegionsV2
2025-12-29 22:01:56,332 | INFO  | Mode=ALL_REGIONS total_regions=48 crawling_now=30 cursor_before=11 cursor_after=41
2025-12-29 22:01:56,332 | INFO  | Selected regions: 2013:Đồng Nai, 2014:Tây Ninh, 3016:Quảng Nam (TP Đà Nẵng mới), 3017:Đà Nẵng, 4019:Hải Phòng, 4020:Nam Định (Ninh Bình mới), 4021:Thái Bình (Hưng Yên mới), 5024:An Giang, 5025:Bạc Liêu (Cà Mau mới), 5026:Bến Tre (Vĩnh Long mới), 5027:Cần Thơ, 5028:Cà Mau, 5029:Đồng Tháp, 5030:Hậu Giang (TP Cần Thơ mới), 5031:Kiên Giang (An Giang mới), 5032:Long An (Tây Ninh mới), 5033:Sóc Trăng (TP Cần Thơ mới), 5034:Tiền Giang (Đồng Tháp mới), 5035:Trà Vinh (Vĩnh Long mới), 5036:Vĩnh Long, 6038:Quảng Bình (Quảng Trị mới), 6039:Quảng Trị, 6040:Thừa Thiên Huế (TP Huế mới), 7042:Bình Thuận (Lâm Đồng mới), 7043:Bình Định (Gia Lai mới), 7044:Khánh Hòa, 7045:Ninh Thuận (Khánh Hòa mới), 7046:Phú Yên (Đắk Lắk mới), 7047:Quảng Ngãi, 8049:Hà Tĩnh
2025-12-29 22:01:56,333 | INFO  | Crawling region=2013 pages=2 limit=50 delay=1.20s
2025-12-29 22:01:56,973 | INFO  | Fetched region=2013 page=1 offset=0 ads=50
2025-12-29 22:01:56,979 | INFO  | Rows written in this page: 22
2025-12-29 22:01:58,670 | INFO  | Fetched region=2013 page=2 offset=50 ads=50
2025-12-29 22:01:58,676 | INFO  | Rows written in this page: 23
2025-12-29 22:01:59,878 | INFO  | Crawling region=2014 pages=2 limit=50 delay=1.20s
2025-12-29 22:02:00,372 | INFO  | Fetched region=2014 page=1 offset=0 ads=50
2025-12-29 22:02:00,375 | INFO  | No rows written in this page.
2025-12-29 22:02:02,160 | INFO  | Fetched region=2014 page=2 offset=50 ads=50
2025-12-29 22:02:02,163 | INFO  | No rows written in this page.
2025-12-29 22:02:03,365 | INFO  | Crawling region=3016 pages=2 limit=50 delay=1.20s
2025-12-29 22:02:03,943 | INFO  | Fetched region=3016 page=1 offset=0 ads=50
2025-12-29 22:02:03,947 | INFO  | Rows written in this page: 4
2025-12-29 22:02:06,297 | INFO  | Fetched region=3016 page=2 offset=50 ads=32
2025-12-29 22:02:06,299 | INFO  | No rows written in this page.
2025-12-29 22:02:07,501 | INFO  | Crawling region=3017 pages=2 limit=50 delay=1.20s
2025-12-29 22:02:08,087 | INFO  | Fetched region=3017 page=1 offset=0 ads=50
2025-12-29 22:02:08,093 | INFO  | Rows written in this page: 17
2025-12-29 22:02:09,902 | INFO  | Fetched region=3017 page=2 offset=50 ads=50
2025-12-29 22:02:09,909 | INFO  | Rows written in this page: 20
2025-12-29 22:02:11,112 | INFO  | Crawling region=4019 pages=2 limit=50 delay=1.20s
2025-12-29 22:02:11,785 | INFO  | Fetched region=4019 page=1 offset=0 ads=50
2025-12-29 22:02:11,790 | INFO  | Rows written in this page: 13
2025-12-29 22:02:13,551 | INFO  | Fetched region=4019 page=2 offset=50 ads=50
2025-12-29 22:02:13,554 | INFO  | No rows written in this page.
2025-12-29 22:02:14,756 | INFO  | Crawling region=4020 pages=2 limit=50 delay=1.20s
2025-12-29 22:02:15,059 | INFO  | Fetched region=4020 page=1 offset=0 ads=19
2025-12-29 22:02:15,061 | INFO  | No rows written in this page.
2025-12-29 22:02:16,406 | INFO  | Fetched region=4020 page=2 offset=50 ads=0
2025-12-29 22:02:16,406 | INFO  | No rows written in this page.
2025-12-29 22:02:17,609 | INFO  | Crawling region=4021 pages=2 limit=50 delay=1.20s
2025-12-29 22:02:18,069 | INFO  | Fetched region=4021 page=1 offset=0 ads=27
2025-12-29 22:02:18,072 | INFO  | Rows written in this page: 1
2025-12-29 22:02:19,426 | INFO  | Fetched region=4021 page=2 offset=50 ads=0
2025-12-29 22:02:19,427 | INFO  | No rows written in this page.
2025-12-29 22:02:20,629 | INFO  | Crawling region=5024 pages=2 limit=50 delay=1.20s
2025-12-29 22:02:21,324 | INFO  | Fetched region=5024 page=1 offset=0 ads=50
2025-12-29 22:02:21,328 | INFO  | Rows written in this page: 6
2025-12-29 22:02:23,147 | INFO  | Fetched region=5024 page=2 offset=50 ads=50
2025-12-29 22:02:23,150 | INFO  | No rows written in this page.
2025-12-29 22:02:24,353 | INFO  | Crawling region=5025 pages=2 limit=50 delay=1.20s
2025-12-29 22:02:24,551 | INFO  | Fetched region=5025 page=1 offset=0 ads=5
2025-12-29 22:02:24,553 | INFO  | Rows written in this page: 1
2025-12-29 22:02:25,932 | INFO  | Fetched region=5025 page=2 offset=50 ads=0
2025-12-29 22:02:25,932 | INFO  | No rows written in this page.
2025-12-29 22:02:27,134 | INFO  | Crawling region=5026 pages=2 limit=50 delay=1.20s
2025-12-29 22:02:28,229 | INFO  | Fetched region=5026 page=1 offset=0 ads=33
2025-12-29 22:02:28,232 | INFO  | Rows written in this page: 1
2025-12-29 22:02:29,643 | INFO  | Fetched region=5026 page=2 offset=50 ads=0
2025-12-29 22:02:29,643 | INFO  | No rows written in this page.
2025-12-29 22:02:30,845 | INFO  | Crawling region=5027 pages=2 limit=50 delay=1.20s
2025-12-29 22:02:31,683 | INFO  | Fetched region=5027 page=1 offset=0 ads=50
2025-12-29 22:02:31,690 | INFO  | Rows written in this page: 30
2025-12-29 22:02:33,721 | INFO  | Fetched region=5027 page=2 offset=50 ads=50
2025-12-29 22:02:33,726 | INFO  | Rows written in this page: 4
2025-12-29 22:02:34,929 | INFO  | Crawling region=5028 pages=2 limit=50 delay=1.20s
2025-12-29 22:02:35,303 | INFO  | Fetched region=5028 page=1 offset=0 ads=14
2025-12-29 22:02:35,305 | INFO  | No rows written in this page.
2025-12-29 22:02:36,677 | INFO  | Fetched region=5028 page=2 offset=50 ads=0
2025-12-29 22:02:36,677 | INFO  | No rows written in this page.
2025-12-29 22:02:37,879 | INFO  | Crawling region=5029 pages=2 limit=50 delay=1.20s
2025-12-29 22:02:38,554 | INFO  | Fetched region=5029 page=1 offset=0 ads=44
2025-12-29 22:02:38,557 | INFO  | Rows written in this page: 1
2025-12-29 22:02:39,920 | INFO  | Fetched region=5029 page=2 offset=50 ads=0
2025-12-29 22:02:39,920 | INFO  | No rows written in this page.
2025-12-29 22:02:41,123 | INFO  | Crawling region=5030 pages=2 limit=50 delay=1.20s
2025-12-29 22:02:42,123 | INFO  | Fetched region=5030 page=1 offset=0 ads=16
2025-12-29 22:02:42,126 | INFO  | Rows written in this page: 5
2025-12-29 22:02:43,475 | INFO  | Fetched region=5030 page=2 offset=50 ads=0
2025-12-29 22:02:43,475 | INFO  | No rows written in this page.
2025-12-29 22:02:44,678 | INFO  | Crawling region=5031 pages=2 limit=50 delay=1.20s
2025-12-29 22:02:45,106 | INFO  | Fetched region=5031 page=1 offset=0 ads=30
2025-12-29 22:02:45,109 | INFO  | No rows written in this page.
2025-12-29 22:02:46,479 | INFO  | Fetched region=5031 page=2 offset=50 ads=0
2025-12-29 22:02:46,480 | INFO  | No rows written in this page.
2025-12-29 22:02:47,682 | INFO  | Crawling region=5032 pages=2 limit=50 delay=1.20s
2025-12-29 22:02:48,487 | INFO  | Fetched region=5032 page=1 offset=0 ads=50
2025-12-29 22:02:48,491 | INFO  | Rows written in this page: 4
2025-12-29 22:02:49,919 | INFO  | Fetched region=5032 page=2 offset=50 ads=5
2025-12-29 22:02:49,920 | INFO  | No rows written in this page.
2025-12-29 22:02:51,122 | INFO  | Crawling region=5033 pages=2 limit=50 delay=1.20s
2025-12-29 22:02:51,763 | INFO  | Fetched region=5033 page=1 offset=0 ads=24
2025-12-29 22:02:51,766 | INFO  | Rows written in this page: 1
2025-12-29 22:02:53,195 | INFO  | Fetched region=5033 page=2 offset=50 ads=0
2025-12-29 22:02:53,196 | INFO  | No rows written in this page.
2025-12-29 22:02:54,398 | INFO  | Crawling region=5034 pages=2 limit=50 delay=1.20s
2025-12-29 22:02:55,149 | INFO  | Fetched region=5034 page=1 offset=0 ads=50
2025-12-29 22:02:55,154 | INFO  | Rows written in this page: 6
2025-12-29 22:02:56,920 | INFO  | Fetched region=5034 page=2 offset=50 ads=41
2025-12-29 22:02:56,923 | INFO  | No rows written in this page.
2025-12-29 22:02:58,124 | INFO  | Crawling region=5035 pages=2 limit=50 delay=1.20s
2025-12-29 22:02:58,603 | INFO  | Fetched region=5035 page=1 offset=0 ads=22
2025-12-29 22:02:58,605 | INFO  | No rows written in this page.
2025-12-29 22:02:59,960 | INFO  | Fetched region=5035 page=2 offset=50 ads=0
2025-12-29 22:02:59,960 | INFO  | No rows written in this page.
2025-12-29 22:03:01,162 | INFO  | Crawling region=5036 pages=2 limit=50 delay=1.20s
2025-12-29 22:03:01,852 | INFO  | Fetched region=5036 page=1 offset=0 ads=33
2025-12-29 22:03:01,854 | INFO  | No rows written in this page.
2025-12-29 22:03:03,213 | INFO  | Fetched region=5036 page=2 offset=50 ads=0
2025-12-29 22:03:03,214 | INFO  | No rows written in this page.
2025-12-29 22:03:04,416 | INFO  | Crawling region=6038 pages=2 limit=50 delay=1.20s
2025-12-29 22:03:04,770 | INFO  | Fetched region=6038 page=1 offset=0 ads=17
2025-12-29 22:03:04,772 | INFO  | No rows written in this page.
2025-12-29 22:03:06,226 | INFO  | Fetched region=6038 page=2 offset=50 ads=0
2025-12-29 22:03:06,227 | INFO  | No rows written in this page.
2025-12-29 22:03:07,429 | INFO  | Crawling region=6039 pages=2 limit=50 delay=1.20s
2025-12-29 22:03:07,749 | INFO  | Fetched region=6039 page=1 offset=0 ads=13
2025-12-29 22:03:07,750 | INFO  | No rows written in this page.
2025-12-29 22:03:09,128 | INFO  | Fetched region=6039 page=2 offset=50 ads=0
2025-12-29 22:03:09,129 | INFO  | No rows written in this page.
2025-12-29 22:03:10,331 | INFO  | Crawling region=6040 pages=2 limit=50 delay=1.20s
2025-12-29 22:03:11,771 | INFO  | Fetched region=6040 page=1 offset=0 ads=50
2025-12-29 22:03:11,775 | INFO  | No rows written in this page.
2025-12-29 22:03:13,790 | INFO  | Fetched region=6040 page=2 offset=50 ads=22
2025-12-29 22:03:13,792 | INFO  | No rows written in this page.
2025-12-29 22:03:14,994 | INFO  | Crawling region=7042 pages=2 limit=50 delay=1.20s
2025-12-29 22:03:16,416 | INFO  | Fetched region=7042 page=1 offset=0 ads=49
2025-12-29 22:03:16,419 | INFO  | No rows written in this page.
2025-12-29 22:03:17,772 | INFO  | Fetched region=7042 page=2 offset=50 ads=0
2025-12-29 22:03:17,772 | INFO  | No rows written in this page.
2025-12-29 22:03:18,974 | INFO  | Crawling region=7043 pages=2 limit=50 delay=1.20s
2025-12-29 22:03:19,760 | INFO  | Fetched region=7043 page=1 offset=0 ads=48
2025-12-29 22:03:19,764 | INFO  | No rows written in this page.
2025-12-29 22:03:21,115 | INFO  | Fetched region=7043 page=2 offset=50 ads=0
2025-12-29 22:03:21,116 | INFO  | No rows written in this page.
2025-12-29 22:03:22,318 | INFO  | Crawling region=7044 pages=2 limit=50 delay=1.20s
2025-12-29 22:03:23,099 | INFO  | Fetched region=7044 page=1 offset=0 ads=50
2025-12-29 22:03:23,102 | INFO  | No rows written in this page.
2025-12-29 22:03:24,757 | INFO  | Fetched region=7044 page=2 offset=50 ads=16
2025-12-29 22:03:24,758 | INFO  | No rows written in this page.
2025-12-29 22:03:25,960 | INFO  | Crawling region=7045 pages=2 limit=50 delay=1.20s
2025-12-29 22:03:26,305 | INFO  | Fetched region=7045 page=1 offset=0 ads=9
2025-12-29 22:03:26,306 | INFO  | No rows written in this page.
2025-12-29 22:03:28,017 | INFO  | Fetched region=7045 page=2 offset=50 ads=0
2025-12-29 22:03:28,018 | INFO  | No rows written in this page.
2025-12-29 22:03:29,220 | INFO  | Crawling region=7046 pages=2 limit=50 delay=1.20s
2025-12-29 22:03:29,773 | INFO  | Fetched region=7046 page=1 offset=0 ads=29
2025-12-29 22:03:29,774 | INFO  | No rows written in this page.
2025-12-29 22:03:31,116 | INFO  | Fetched region=7046 page=2 offset=50 ads=0
2025-12-29 22:03:31,117 | INFO  | No rows written in this page.
2025-12-29 22:03:32,318 | INFO  | Crawling region=7047 pages=2 limit=50 delay=1.20s
2025-12-29 22:03:33,031 | INFO  | Fetched region=7047 page=1 offset=0 ads=43
2025-12-29 22:03:33,034 | INFO  | No rows written in this page.
2025-12-29 22:03:34,463 | INFO  | Fetched region=7047 page=2 offset=50 ads=0
2025-12-29 22:03:34,463 | INFO  | No rows written in this page.
2025-12-29 22:03:35,665 | INFO  | Crawling region=8049 pages=2 limit=50 delay=1.20s
2025-12-29 22:03:36,616 | INFO  | Fetched region=8049 page=1 offset=0 ads=50
2025-12-29 22:03:36,619 | INFO  | No rows written in this page.
2025-12-29 22:03:38,043 | INFO  | Fetched region=8049 page=2 offset=50 ads=3
2025-12-29 22:03:38,044 | INFO  | No rows written in this page.
2025-12-29 22:03:39,249 | INFO  | DONE raw_path=E:\Khai_thac_du_lieu\car_price_pipeline\data\raw\chotot_raw_20251229.csv total_new=159 total_seen=4815
2025-12-29 22:03:46,222 | INFO  | REPO_ROOT=E:\Khai_thac_du_lieu\car_price_pipeline
2025-12-29 22:03:46,222 | INFO  | CONFIG_DIR=E:\Khai_thac_du_lieu\car_price_pipeline\configs
2025-12-29 22:03:46,222 | INFO  | RAW_DIR=E:\Khai_thac_du_lieu\car_price_pipeline\data\raw
2025-12-29 22:03:46,223 | INFO  | META_DIR=E:\Khai_thac_du_lieu\car_price_pipeline\data\meta
2025-12-29 22:03:46,223 | INFO  | LOG_FILE=E:\Khai_thac_du_lieu\car_price_pipeline\logs\chotot_spider_20251229.log
2025-12-29 22:03:46,238 | INFO  | Loaded seen_ids=4815 from E:\Khai_thac_du_lieu\car_price_pipeline\data\meta\chotot_seen_ids.txt
2025-12-29 22:03:47,066 | INFO  | Loaded regions_v2(provinces) size=48 from https://gateway.chotot.com/v1/public/web-proxy-api/loadRegionsV2
2025-12-29 22:03:47,074 | INFO  | Mode=ALL_REGIONS total_regions=48 crawling_now=30 cursor_before=41 cursor_after=23
2025-12-29 22:03:47,075 | INFO  | Selected regions: 8050:Nghệ An, 8051:Thanh Hóa, 9053:Đắk Lắk, 9054:Đắk Nông (Lâm Đồng mới), 9055:Kon Tum (Quảng Ngãi mới), 9056:Gia Lai, 9057:Lâm Đồng, 1001:Bắc Ninh, 1002:Phú Thọ, 1003:Hà Nam (Ninh Bình mới), 1004:Hải Dương (TP Hải Phòng mới), 1005:Hòa Bình (Phú Thọ mới), 1006:Hưng Yên, 1007:Ninh Bình, 1008:Vĩnh Phúc (Phú Thọ mới), 2010:Bà Rịa - Vũng Tàu (TP Hồ Chí Minh mới), 2011:Bình Dương (TP Hồ Chí Minh mới), 2012:Bình Phước (Đồng Nai mới), 2013:Đồng Nai, 2014:Tây Ninh, 3016:Quảng Nam (TP Đà Nẵng mới), 3017:Đà Nẵng, 4019:Hải Phòng, 4020:Nam Định (Ninh Bình mới), 4021:Thái Bình (Hưng Yên mới), 5024:An Giang, 5025:Bạc Liêu (Cà Mau mới), 5026:Bến Tre (Vĩnh Long mới), 5027:Cần Thơ, 5028:Cà Mau
2025-12-29 22:03:47,076 | INFO  | Crawling region=8050 pages=2 limit=50 delay=1.20s
2025-12-29 22:03:48,345 | INFO  | Fetched region=8050 page=1 offset=0 ads=50
2025-12-29 22:03:48,349 | INFO  | No rows written in this page.
2025-12-29 22:03:50,165 | INFO  | Fetched region=8050 page=2 offset=50 ads=50
2025-12-29 22:03:50,168 | INFO  | No rows written in this page.
2025-12-29 22:03:51,370 | INFO  | Crawling region=8051 pages=2 limit=50 delay=1.20s
2025-12-29 22:03:52,142 | INFO  | Fetched region=8051 page=1 offset=0 ads=50
2025-12-29 22:03:52,145 | INFO  | No rows written in this page.
2025-12-29 22:03:54,583 | INFO  | Fetched region=8051 page=2 offset=50 ads=50
2025-12-29 22:03:54,586 | INFO  | No rows written in this page.
2025-12-29 22:03:55,789 | INFO  | Crawling region=9053 pages=2 limit=50 delay=1.20s
2025-12-29 22:03:56,409 | INFO  | Fetched region=9053 page=1 offset=0 ads=50
2025-12-29 22:03:56,412 | INFO  | No rows written in this page.
2025-12-29 22:03:58,345 | INFO  | Fetched region=9053 page=2 offset=50 ads=50
2025-12-29 22:03:58,348 | INFO  | No rows written in this page.
2025-12-29 22:03:59,550 | INFO  | Crawling region=9054 pages=2 limit=50 delay=1.20s
2025-12-29 22:04:00,303 | INFO  | Fetched region=9054 page=1 offset=0 ads=41
2025-12-29 22:04:00,306 | INFO  | No rows written in this page.
2025-12-29 22:04:01,701 | INFO  | Fetched region=9054 page=2 offset=50 ads=0
2025-12-29 22:04:01,702 | INFO  | No rows written in this page.
2025-12-29 22:04:02,903 | INFO  | Crawling region=9055 pages=2 limit=50 delay=1.20s
2025-12-29 22:04:03,137 | INFO  | Fetched region=9055 page=1 offset=0 ads=5
2025-12-29 22:04:03,137 | INFO  | No rows written in this page.
2025-12-29 22:04:04,509 | INFO  | Fetched region=9055 page=2 offset=50 ads=0
2025-12-29 22:04:04,510 | INFO  | No rows written in this page.
2025-12-29 22:04:05,712 | INFO  | Crawling region=9056 pages=2 limit=50 delay=1.20s
2025-12-29 22:04:06,477 | INFO  | Fetched region=9056 page=1 offset=0 ads=50
2025-12-29 22:04:06,481 | INFO  | No rows written in this page.
2025-12-29 22:04:08,609 | INFO  | Fetched region=9056 page=2 offset=50 ads=50
2025-12-29 22:04:08,613 | INFO  | No rows written in this page.
2025-12-29 22:04:09,816 | INFO  | Crawling region=9057 pages=2 limit=50 delay=1.20s
2025-12-29 22:04:10,841 | INFO  | Fetched region=9057 page=1 offset=0 ads=50
2025-12-29 22:04:10,846 | INFO  | No rows written in this page.
2025-12-29 22:04:13,318 | INFO  | Fetched region=9057 page=2 offset=50 ads=50
2025-12-29 22:04:13,322 | INFO  | No rows written in this page.
2025-12-29 22:04:14,525 | INFO  | Crawling region=1001 pages=2 limit=50 delay=1.20s
2025-12-29 22:04:15,324 | INFO  | Fetched region=1001 page=1 offset=0 ads=49
2025-12-29 22:04:15,328 | INFO  | No rows written in this page.
2025-12-29 22:04:16,776 | INFO  | Fetched region=1001 page=2 offset=50 ads=0
2025-12-29 22:04:16,777 | INFO  | No rows written in this page.
2025-12-29 22:04:17,979 | INFO  | Crawling region=1002 pages=2 limit=50 delay=1.20s
2025-12-29 22:04:18,389 | INFO  | Fetched region=1002 page=1 offset=0 ads=24
2025-12-29 22:04:18,391 | INFO  | No rows written in this page.
2025-12-29 22:04:19,832 | INFO  | Fetched region=1002 page=2 offset=50 ads=0
2025-12-29 22:04:19,832 | INFO  | No rows written in this page.
2025-12-29 22:04:21,034 | INFO  | Crawling region=1003 pages=2 limit=50 delay=1.20s
2025-12-29 22:04:21,410 | INFO  | Fetched region=1003 page=1 offset=0 ads=17
2025-12-29 22:04:21,412 | INFO  | No rows written in this page.
2025-12-29 22:04:22,750 | INFO  | Fetched region=1003 page=2 offset=50 ads=0
2025-12-29 22:04:22,751 | INFO  | No rows written in this page.
2025-12-29 22:04:23,953 | INFO  | Crawling region=1004 pages=2 limit=50 delay=1.20s
2025-12-29 22:04:25,062 | INFO  | Fetched region=1004 page=1 offset=0 ads=50
2025-12-29 22:04:25,067 | INFO  | No rows written in this page.
2025-12-29 22:04:26,641 | INFO  | Fetched region=1004 page=2 offset=50 ads=2
2025-12-29 22:04:26,642 | INFO  | No rows written in this page.
2025-12-29 22:04:27,844 | INFO  | Crawling region=1005 pages=2 limit=50 delay=1.20s
2025-12-29 22:04:28,332 | INFO  | Fetched region=1005 page=1 offset=0 ads=13
2025-12-29 22:04:28,334 | INFO  | No rows written in this page.
2025-12-29 22:04:29,685 | INFO  | Fetched region=1005 page=2 offset=50 ads=0
2025-12-29 22:04:29,686 | INFO  | No rows written in this page.
2025-12-29 22:04:30,888 | INFO  | Crawling region=1006 pages=2 limit=50 delay=1.20s
2025-12-29 22:04:31,436 | INFO  | Fetched region=1006 page=1 offset=0 ads=35
2025-12-29 22:04:31,440 | INFO  | No rows written in this page.
2025-12-29 22:04:32,826 | INFO  | Fetched region=1006 page=2 offset=50 ads=0
2025-12-29 22:04:32,827 | INFO  | No rows written in this page.
2025-12-29 22:04:34,029 | INFO  | Crawling region=1007 pages=2 limit=50 delay=1.20s
2025-12-29 22:04:35,062 | INFO  | Fetched region=1007 page=1 offset=0 ads=35
2025-12-29 22:04:35,065 | INFO  | No rows written in this page.
2025-12-29 22:04:36,425 | INFO  | Fetched region=1007 page=2 offset=50 ads=0
2025-12-29 22:04:36,426 | INFO  | No rows written in this page.
2025-12-29 22:04:37,628 | INFO  | Crawling region=1008 pages=2 limit=50 delay=1.20s
2025-12-29 22:04:38,375 | INFO  | Fetched region=1008 page=1 offset=0 ads=42
2025-12-29 22:04:38,379 | INFO  | No rows written in this page.
2025-12-29 22:04:39,740 | INFO  | Fetched region=1008 page=2 offset=50 ads=0
2025-12-29 22:04:39,741 | INFO  | No rows written in this page.
2025-12-29 22:04:40,943 | INFO  | Crawling region=2010 pages=2 limit=50 delay=1.20s
2025-12-29 22:04:41,747 | INFO  | Fetched region=2010 page=1 offset=0 ads=50
2025-12-29 22:04:41,750 | INFO  | No rows written in this page.
2025-12-29 22:04:43,997 | INFO  | Fetched region=2010 page=2 offset=50 ads=50
2025-12-29 22:04:44,003 | INFO  | No rows written in this page.
2025-12-29 22:04:45,205 | INFO  | Crawling region=2011 pages=2 limit=50 delay=1.20s
2025-12-29 22:04:46,181 | INFO  | Fetched region=2011 page=1 offset=0 ads=50
2025-12-29 22:04:46,186 | INFO  | No rows written in this page.
2025-12-29 22:04:48,472 | INFO  | Fetched region=2011 page=2 offset=50 ads=50
2025-12-29 22:04:48,477 | INFO  | No rows written in this page.
2025-12-29 22:04:49,679 | INFO  | Crawling region=2012 pages=2 limit=50 delay=1.20s
2025-12-29 22:04:50,556 | INFO  | Fetched region=2012 page=1 offset=0 ads=50
2025-12-29 22:04:50,562 | INFO  | No rows written in this page.
2025-12-29 22:04:52,508 | INFO  | Fetched region=2012 page=2 offset=50 ads=47
2025-12-29 22:04:52,513 | INFO  | No rows written in this page.
2025-12-29 22:04:53,716 | INFO  | Crawling region=2013 pages=2 limit=50 delay=1.20s
2025-12-29 22:04:54,508 | INFO  | Fetched region=2013 page=1 offset=0 ads=50
2025-12-29 22:04:54,513 | INFO  | No rows written in this page.
2025-12-29 22:04:56,777 | INFO  | Fetched region=2013 page=2 offset=50 ads=50
2025-12-29 22:04:56,782 | INFO  | No rows written in this page.
2025-12-29 22:04:57,985 | INFO  | Crawling region=2014 pages=2 limit=50 delay=1.20s
2025-12-29 22:04:58,623 | INFO  | Fetched region=2014 page=1 offset=0 ads=50
2025-12-29 22:04:58,628 | INFO  | No rows written in this page.
2025-12-29 22:05:00,978 | INFO  | Fetched region=2014 page=2 offset=50 ads=50
2025-12-29 22:05:00,984 | INFO  | No rows written in this page.
2025-12-29 22:05:02,185 | INFO  | Crawling region=3016 pages=2 limit=50 delay=1.20s
2025-12-29 22:05:02,922 | INFO  | Fetched region=3016 page=1 offset=0 ads=50
2025-12-29 22:05:02,925 | INFO  | No rows written in this page.
2025-12-29 22:05:04,862 | INFO  | Fetched region=3016 page=2 offset=50 ads=32
2025-12-29 22:05:04,865 | INFO  | No rows written in this page.
2025-12-29 22:05:06,066 | INFO  | Crawling region=3017 pages=2 limit=50 delay=1.20s
2025-12-29 22:05:06,911 | INFO  | Fetched region=3017 page=1 offset=0 ads=50
2025-12-29 22:05:06,915 | INFO  | No rows written in this page.
2025-12-29 22:05:08,905 | INFO  | Fetched region=3017 page=2 offset=50 ads=50
2025-12-29 22:05:08,910 | INFO  | No rows written in this page.
2025-12-29 22:05:10,111 | INFO  | Crawling region=4019 pages=2 limit=50 delay=1.20s
2025-12-29 22:05:10,795 | INFO  | Fetched region=4019 page=1 offset=0 ads=50
2025-12-29 22:05:10,799 | INFO  | No rows written in this page.
2025-12-29 22:05:12,596 | INFO  | Fetched region=4019 page=2 offset=50 ads=50
2025-12-29 22:05:12,600 | INFO  | No rows written in this page.
2025-12-29 22:05:13,802 | INFO  | Crawling region=4020 pages=2 limit=50 delay=1.20s
2025-12-29 22:05:14,274 | INFO  | Fetched region=4020 page=1 offset=0 ads=19
2025-12-29 22:05:14,276 | INFO  | No rows written in this page.
2025-12-29 22:05:15,664 | INFO  | Fetched region=4020 page=2 offset=50 ads=0
2025-12-29 22:05:15,665 | INFO  | No rows written in this page.
2025-12-29 22:05:16,866 | INFO  | Crawling region=4021 pages=2 limit=50 delay=1.20s
2025-12-29 22:05:17,387 | INFO  | Fetched region=4021 page=1 offset=0 ads=27
2025-12-29 22:05:17,389 | INFO  | No rows written in this page.
2025-12-29 22:05:18,756 | INFO  | Fetched region=4021 page=2 offset=50 ads=0
2025-12-29 22:05:18,757 | INFO  | No rows written in this page.
2025-12-29 22:05:19,959 | INFO  | Crawling region=5024 pages=2 limit=50 delay=1.20s
2025-12-29 22:05:21,468 | INFO  | Fetched region=5024 page=1 offset=0 ads=50
2025-12-29 22:05:21,473 | INFO  | No rows written in this page.
2025-12-29 22:05:23,588 | INFO  | Fetched region=5024 page=2 offset=50 ads=50
2025-12-29 22:05:23,593 | INFO  | No rows written in this page.
2025-12-29 22:05:24,795 | INFO  | Crawling region=5025 pages=2 limit=50 delay=1.20s
2025-12-29 22:05:25,001 | INFO  | Fetched region=5025 page=1 offset=0 ads=5
2025-12-29 22:05:25,002 | INFO  | No rows written in this page.
2025-12-29 22:05:26,368 | INFO  | Fetched region=5025 page=2 offset=50 ads=0
2025-12-29 22:05:26,368 | INFO  | No rows written in this page.
2025-12-29 22:05:27,570 | INFO  | Crawling region=5026 pages=2 limit=50 delay=1.20s
2025-12-29 22:05:28,642 | INFO  | Fetched region=5026 page=1 offset=0 ads=33
2025-12-29 22:05:28,646 | INFO  | No rows written in this page.
2025-12-29 22:05:29,993 | INFO  | Fetched region=5026 page=2 offset=50 ads=0
2025-12-29 22:05:29,993 | INFO  | No rows written in this page.
2025-12-29 22:05:31,196 | INFO  | Crawling region=5027 pages=2 limit=50 delay=1.20s
2025-12-29 22:05:32,219 | INFO  | Fetched region=5027 page=1 offset=0 ads=50
2025-12-29 22:05:32,224 | INFO  | No rows written in this page.
2025-12-29 22:05:34,417 | INFO  | Fetched region=5027 page=2 offset=50 ads=50
2025-12-29 22:05:34,422 | INFO  | No rows written in this page.
2025-12-29 22:05:35,624 | INFO  | Crawling region=5028 pages=2 limit=50 delay=1.20s
2025-12-29 22:05:36,050 | INFO  | Fetched region=5028 page=1 offset=0 ads=14
2025-12-29 22:05:36,052 | INFO  | No rows written in this page.
2025-12-29 22:05:37,451 | INFO  | Fetched region=5028 page=2 offset=50 ads=0
2025-12-29 22:05:37,452 | INFO  | No rows written in this page.
2025-12-29 22:05:38,658 | INFO  | DONE raw_path=E:\Khai_thac_du_lieu\car_price_pipeline\data\raw\chotot_raw_20251229.csv total_new=0 total_seen=4815
